

-----------------------------------
New Analysis started.
Date and time: 03/05/2017 17:10:23
New results follow.
-----------------------------------

Siena version 1.1-232 (18 Jun 13)

@1
Estimation by stochastic approximation algorithm.
=================================================

Random initialization of random number stream.
Current random number seed is 704519.
Effects object used: myEff 
Model Type 1: Standard actor-oriented model
Estimation method: conditional moment estimation
Conditioning variable is the total number of observed changes ("distance") 
in the network variable.
Distance for simulations is   89 .
Standard errors are estimated with the likelihood ratio method.
Initial value of gain parameter is  0.2000000.
Number of subphases in Phase 2 is 4.

Initial parameter values are 
  0. Rate parameter                           8.4322
  1. eval:  outdegree (density)                            -0.7820
  2. eval:  reciprocity                                     0.0000
  3. eval:  transitive triplets                             0.0000
  4. eval:  transitive reciprocated triplets                0.0000
  5. eval:  3-cycles                                        0.0000
  6. eval:  indegree - popularity                           0.0000
  7. eval:  indegree - activity (sqrt)                      0.0000
  8. eval:  outdegree - activity (sqrt)                     0.0000
  9. eval:  gender.coCovar alter                            0.0000
 10. eval:  gender.coCovar ego                              0.0000
 11. eval:  same gender.coCovar                             0.0000
 12. eval:  drink.covar alter                               0.0000
 13. eval:  drink.covar ego                                 0.0000
 14. eval:  drink.covar similarity                          0.0000


Observed values of target statistics are
  1. Number of ties                                                     103.0000
  2. Number of reciprocated ties                                         46.0000
  3. Number of transitive triplets                                      165.0000
  4. Number of transitive reciprocated triplets                          72.0000
  5. 3-cycles                                                            30.0000
  6. Sum of squared indegrees                                          14610.0000
  7. Sum of outdegrees x sqrt(indegree)                                 193.4526
  8. Sum of outdegrees^(1.5)                                            252.8142
  9. Sum of indegrees x gender.coCovar                                    1.1667
 10. Sum of outdegrees x gender.coCovar                                  11.1667
 11. Same values on gender.coCovar                                       89.0000
 12. Sum of indegrees x drink.covar                                      -1.3500
 13. Sum of outdegrees x drink.covar                                     10.1500
 14. Similarity on drink.covar                                           -2.8287

 14 parameters, 14 statistics

Estimation of derivatives by the LR method (type 1).

@2
End of stochastic approximation algorithm, phase 3.
---------------------------------------------------

Total of 2910 iterations.
Parameter estimates based on 1910 iterations,
basic rate parameter as well as 
convergence diagnostics, covariance and derivative matrices based on 1000 iterations.

Information for convergence diagnosis.
Averages, standard deviations, and t-ratios for deviations from targets:
  1.   -2.0480   11.0945  -0.1846 
  2.   -1.0500    8.0820  -0.1299 
  3.   -5.8930   54.3413  -0.1084 
  4.   -3.7520   31.7214  -0.1183 
  5.   -1.6150   12.3509  -0.1308 
  6. -356.2200 3214.0093  -0.1108 
  7.   -2.9341   33.5755  -0.0874 
  8.    0.0231   40.7353   0.0006 
  9.   -0.0023    4.1522  -0.0006 
 10.    0.0957    2.6991   0.0354 
 11.   -0.8480   10.1593  -0.0835 
 12.    0.1066    3.9005   0.0273 
 13.    0.0791    5.6876   0.0139 
 14.    0.0547    2.5900   0.0211 

Good convergence is indicated by the t-ratios being close to zero.


@2
Estimation Results.
-------------------

Regular end of estimation algorithm.
Total of 2910 iteration steps.

@3
Estimates and standard errors
                             
Rate parameters:
 0. Rate parameter                            7.5439  (   1.2662)
 1. eval:  outdegree (density)                          -1.2882  (   1.2788)
 2. eval:  reciprocity                                   2.4382  (   0.7393)
 3. eval:  transitive triplets                           0.7702  (   0.2357)
 4. eval:  transitive reciprocated triplets             -0.3892  (   0.4401)
 5. eval:  3-cycles                                     -0.2581  (   0.4623)
 6. eval:  indegree - popularity                        -0.0137  (   0.0798)
 7. eval:  indegree - activity (sqrt)                   -1.0415  (   1.0747)
 8. eval:  outdegree - activity (sqrt)                   0.0279  (   0.3056)
 9. eval:  gender.coCovar alter                         -1.4538  (   0.6145)
10. eval:  gender.coCovar ego                            0.7910  (   0.6383)
11. eval:  same gender.coCovar                           0.8416  (   0.4172)
12. eval:  drink.covar alter                            -0.3852  (   0.2742)
13. eval:  drink.covar ego                               0.2864  (   0.2720)
14. eval:  drink.covar similarity                        0.1268  (   0.5800)

@3
Covariance matrices
                   
Covariance matrix of estimates (correlations below diagonal):
     1.635      0.089      0.099     -0.053      0.173     -0.018     -0.962      0.019     -0.139      0.284     -0.062     -0.062      0.081      0.004
     0.095      0.547      0.115     -0.222      0.137      0.009     -0.415      0.112     -0.171      0.167     -0.027     -0.054      0.010      0.027
     0.330      0.658      0.056     -0.079      0.042     -0.003     -0.129      0.011     -0.063      0.064      0.009     -0.019      0.006      0.024
    -0.094     -0.683     -0.762      0.194     -0.154     -0.001      0.224     -0.056      0.110     -0.088     -0.011      0.033      0.007     -0.032
     0.293      0.402      0.384     -0.756      0.214      0.007     -0.338      0.088     -0.122      0.066      0.009     -0.035      0.000      0.016
    -0.177      0.146     -0.150     -0.038      0.194      0.006     -0.016      0.005     -0.008      0.011     -0.002      0.002      0.002     -0.002
    -0.700     -0.523     -0.508      0.474     -0.680     -0.182      1.155     -0.215      0.364     -0.327     -0.055      0.081     -0.049     -0.067
     0.048      0.497      0.159     -0.419      0.625      0.196     -0.655      0.093     -0.059      0.019      0.007     -0.013     -0.006      0.024
    -0.177     -0.376     -0.433      0.408     -0.430     -0.167      0.551     -0.316      0.378     -0.212     -0.155      0.065     -0.007     -0.021
     0.348      0.355      0.424     -0.312      0.223      0.225     -0.477      0.095     -0.540      0.407      0.049     -0.022      0.042      0.026
    -0.116     -0.087      0.088     -0.062      0.047     -0.051     -0.123      0.053     -0.605      0.186      0.174     -0.004     -0.005      0.016
    -0.176     -0.266     -0.301      0.274     -0.276      0.083      0.275     -0.151      0.385     -0.128     -0.038      0.075      0.009     -0.017
     0.234      0.051      0.086      0.058     -0.002      0.095     -0.167     -0.075     -0.041      0.240     -0.048      0.115      0.074     -0.016
     0.005      0.063      0.178     -0.125      0.061     -0.047     -0.108      0.135     -0.059      0.069      0.066     -0.110     -0.104      0.336

Derivative matrix of expected statistics X by parameters and
covariance/correlation matrix of X can be found using
summary(ans) within R, or by using the 'verbose' option in Siena07.
 
Total computation time 40.53 seconds.


-----------------------------------
New Analysis started.
Date and time: 03/05/2017 17:11:31
New results follow.
-----------------------------------

Siena version 1.1-232 (18 Jun 13)

@1
Estimation by stochastic approximation algorithm.
=================================================

Random initialization of random number stream.
Current random number seed is 774399.
Effects object used: myEff 
Model Type 1: Standard actor-oriented model
Estimation method: conditional moment estimation
Conditioning variable is the total number of observed changes ("distance") 
in the network variable.
Distance for simulations is   89 .
Standard errors are estimated with the likelihood ratio method.
Initial value of gain parameter is  0.4000000.
Number of subphases in Phase 2 is 4.

Initial parameter values are 
  0. Rate parameter                           7.5439
  1. eval:  outdegree (density)                            -1.2882
  2. eval:  reciprocity                                     2.4382
  3. eval:  transitive triplets                             0.7702
  4. eval:  transitive reciprocated triplets               -0.3892
  5. eval:  3-cycles                                       -0.2581
  6. eval:  indegree - popularity                          -0.0137
  7. eval:  indegree - activity (sqrt)                     -1.0415
  8. eval:  outdegree - activity (sqrt)                     0.0279
  9. eval:  gender.coCovar alter                           -1.4538
 10. eval:  gender.coCovar ego                              0.7910
 11. eval:  same gender.coCovar                             0.8416
 12. eval:  drink.covar alter                              -0.3852
 13. eval:  drink.covar ego                                 0.2864
 14. eval:  drink.covar similarity                          0.1268


Observed values of target statistics are
  1. Number of ties                                                     103.0000
  2. Number of reciprocated ties                                         46.0000
  3. Number of transitive triplets                                      165.0000
  4. Number of transitive reciprocated triplets                          72.0000
  5. 3-cycles                                                            30.0000
  6. Sum of squared indegrees                                          14610.0000
  7. Sum of outdegrees x sqrt(indegree)                                 193.4526
  8. Sum of outdegrees^(1.5)                                            252.8142
  9. Sum of indegrees x gender.coCovar                                    1.1667
 10. Sum of outdegrees x gender.coCovar                                  11.1667
 11. Same values on gender.coCovar                                       89.0000
 12. Sum of indegrees x drink.covar                                      -1.3500
 13. Sum of outdegrees x drink.covar                                     10.1500
 14. Similarity on drink.covar                                           -2.8287

 14 parameters, 14 statistics

Estimation of derivatives by the LR method (type 1).

@2
End of stochastic approximation algorithm, phase 3.
---------------------------------------------------

Total of 1626 iterations.
Parameter estimates based on 626 iterations,
basic rate parameter as well as 
convergence diagnostics, covariance and derivative matrices based on 1000 iterations.

Information for convergence diagnosis.
Averages, standard deviations, and t-ratios for deviations from targets:
  1.  -0.8900   10.8452  -0.0821 
  2.  -0.3140    8.0689  -0.0389 
  3.  -1.3680   56.6674  -0.0241 
  4.  -0.9070   33.1303  -0.0274 
  5.  -0.5850   12.9286  -0.0452 
  6. -77.3400 3255.6055  -0.0238 
  7.  -0.8997   33.2110  -0.0271 
  8.   1.2883   39.3279   0.0328 
  9.  -0.1133    4.2639  -0.0266 
 10.   0.1497    2.6270   0.0570 
 11.  -0.1390   10.1722  -0.0137 
 12.  -0.0285    3.7995  -0.0075 
 13.   0.0315    5.6232   0.0056 
 14.   0.0357    2.5592   0.0139 

Good convergence is indicated by the t-ratios being close to zero.


@2
Estimation Results.
-------------------

Regular end of estimation algorithm.
Total of 1626 iteration steps.

@3
Estimates and standard errors
                             
Rate parameters:
 0. Rate parameter                            7.4854  (   1.2078)
 1. eval:  outdegree (density)                          -0.9535  (   1.4410)
 2. eval:  reciprocity                                   2.4295  (   0.8724)
 3. eval:  transitive triplets                           0.7910  (   0.2311)
 4. eval:  transitive reciprocated triplets             -0.3942  (   0.3989)
 5. eval:  3-cycles                                     -0.2491  (   0.3623)
 6. eval:  indegree - popularity                        -0.0156  (   0.0924)
 7. eval:  indegree - activity (sqrt)                   -1.0740  (   1.0372)
 8. eval:  outdegree - activity (sqrt)                  -0.0526  (   0.2660)
 9. eval:  gender.coCovar alter                         -1.4216  (   0.6807)
10. eval:  gender.coCovar ego                            0.8574  (   0.8639)
11. eval:  same gender.coCovar                           0.7802  (   0.4197)
12. eval:  drink.covar alter                            -0.3959  (   0.3158)
13. eval:  drink.covar ego                               0.3103  (   0.3144)
14. eval:  drink.covar similarity                        0.0771  (   0.5769)

@3
Covariance matrices
                   
Covariance matrix of estimates (correlations below diagonal):
     2.076      0.172      0.079      0.012      0.116      0.010     -1.037     -0.067     -0.110      0.509     -0.246     -0.035      0.101      0.017
     0.137      0.761      0.126     -0.219      0.091      0.034     -0.535      0.069     -0.319      0.399      0.039     -0.085     -0.001      0.013
     0.237      0.624      0.053     -0.070      0.021      0.002     -0.099     -0.011     -0.080      0.120      0.016     -0.017      0.002      0.006
     0.020     -0.629     -0.762      0.159     -0.092     -0.007      0.132     -0.007      0.129     -0.164     -0.046      0.019      0.011     -0.020
     0.223      0.287      0.255     -0.635      0.131      0.011     -0.209      0.037     -0.104      0.113      0.012     -0.028     -0.002      0.035
     0.073      0.423      0.108     -0.185      0.338      0.009     -0.050      0.007     -0.025      0.031      0.000     -0.005      0.006      0.004
    -0.694     -0.591     -0.412      0.319     -0.556     -0.526      1.076     -0.110      0.411     -0.542      0.029      0.108     -0.040     -0.079
    -0.175      0.296     -0.186     -0.070      0.382      0.281     -0.400      0.071     -0.039     -0.020      0.004     -0.021     -0.022      0.026
    -0.112     -0.537     -0.511      0.476     -0.421     -0.394      0.582     -0.217      0.463     -0.393     -0.162      0.078     -0.012     -0.032
     0.409      0.529      0.601     -0.476      0.361      0.386     -0.605     -0.087     -0.668      0.746      0.048     -0.054      0.080      0.001
    -0.407      0.106      0.161     -0.274      0.079     -0.003      0.066      0.039     -0.568      0.132      0.176      0.001     -0.012      0.016
    -0.077     -0.307     -0.236      0.150     -0.249     -0.185      0.330     -0.251      0.364     -0.198      0.007      0.100      0.009     -0.029
     0.222     -0.005      0.032      0.090     -0.017      0.217     -0.124     -0.262     -0.057      0.294     -0.090      0.092      0.099     -0.036
     0.020      0.026      0.046     -0.087      0.169      0.083     -0.132      0.169     -0.081      0.002      0.065     -0.161     -0.197      0.333

Derivative matrix of expected statistics X by parameters and
covariance/correlation matrix of X can be found using
summary(ans) within R, or by using the 'verbose' option in Siena07.
 
Total computation time 21.85 seconds.


-----------------------------------
New Analysis started.
Date and time: 03/05/2017 17:25:34
New results follow.
-----------------------------------

Siena version 1.1-232 (18 Jun 13)

@1
Estimation by stochastic approximation algorithm.
=================================================

Random initialization of random number stream.
Current random number seed is 241431.
Effects object used: myEff 
Model Type 1: Standard actor-oriented model
Estimation method: conditional moment estimation
Conditioning variable is the total number of observed changes ("distance") 
in the network variable.
Distance for simulations is   89 .
Standard errors are estimated with the likelihood ratio method.
Initial value of gain parameter is  0.2000000.
Number of subphases in Phase 2 is 4.

Initial parameter values are 
  0. Rate parameter                           8.4322
  1. eval:  outdegree (density)                            -0.7820
  2. eval:  reciprocity                                     0.0000
  3. eval:  transitive triplets                             0.0000
  4. eval:  transitive reciprocated triplets                0.0000
  5. eval:  3-cycles                                        0.0000
  6. eval:  indegree - popularity                           0.0000
  7. eval:  indegree - activity (sqrt)                      0.0000
  8. eval:  outdegree - activity (sqrt)                     0.0000
  9. eval:  gender.coCovar alter                            0.0000
 10. eval:  gender.coCovar ego                              0.0000
 11. eval:  same gender.coCovar                             0.0000
 12. eval:  drink.covar alter                               0.0000
 13. eval:  drink.covar ego                                 0.0000
 14. eval:  drink.covar similarity                          0.0000


Observed values of target statistics are
  1. Number of ties                                                     103.0000
  2. Number of reciprocated ties                                         46.0000
  3. Number of transitive triplets                                      165.0000
  4. Number of transitive reciprocated triplets                          72.0000
  5. 3-cycles                                                            30.0000
  6. Sum of squared indegrees                                          14610.0000
  7. Sum of outdegrees x sqrt(indegree)                                 193.4526
  8. Sum of outdegrees^(1.5)                                            252.8142
  9. Sum of indegrees x gender.coCovar                                    1.1667
 10. Sum of outdegrees x gender.coCovar                                  11.1667
 11. Same values on gender.coCovar                                       89.0000
 12. Sum of indegrees x drink.covar                                      -1.3500
 13. Sum of outdegrees x drink.covar                                     10.1500
 14. Similarity on drink.covar                                           -2.8287

 14 parameters, 14 statistics

Estimation of derivatives by the LR method (type 1).

@2
End of stochastic approximation algorithm, phase 3.
---------------------------------------------------

Total of 2897 iterations.
Parameter estimates based on 1897 iterations,
basic rate parameter as well as 
convergence diagnostics, covariance and derivative matrices based on 1000 iterations.

Information for convergence diagnosis.
Averages, standard deviations, and t-ratios for deviations from targets:
  1.   -0.7960   10.8083  -0.0736 
  2.   -0.7420    7.8360  -0.0947 
  3.   -3.8750   55.3654  -0.0700 
  4.   -2.7680   32.5151  -0.0851 
  5.   -1.3160   12.4126  -0.1060 
  6. -275.2800 3155.4045  -0.0872 
  7.    0.3227   32.4527   0.0099 
  8.   -2.1314   39.2073  -0.0544 
  9.   -0.0647    4.1638  -0.0155 
 10.   -0.1197    2.7358  -0.0437 
 11.   -0.9130    9.6011  -0.0951 
 12.    0.1672    3.6554   0.0457 
 13.   -0.1088    5.1638  -0.0211 
 14.    0.1294    2.3785   0.0544 

Good convergence is indicated by the t-ratios being close to zero.


@2
Estimation Results.
-------------------

Regular end of estimation algorithm.
Total of 2897 iteration steps.

@3
Estimates and standard errors
                             
Rate parameters:
 0. Rate parameter                            7.9409  (   1.3313)
 1. eval:  outdegree (density)                          -0.7589  (   1.3800)
 2. eval:  reciprocity                                   2.1375  (   0.6410)
 3. eval:  transitive triplets                           0.7707  (   0.1693)
 4. eval:  transitive reciprocated triplets             -0.3143  (   0.3445)
 5. eval:  3-cycles                                     -0.3585  (   0.3486)
 6. eval:  indegree - popularity                        -0.0522  (   0.0710)
 7. eval:  indegree - activity (sqrt)                   -0.6534  (   0.7030)
 8. eval:  outdegree - activity (sqrt)                  -0.2208  (   0.2192)
 9. eval:  gender.coCovar alter                         -1.1371  (   0.4971)
10. eval:  gender.coCovar ego                            0.7385  (   0.5177)
11. eval:  same gender.coCovar                           0.6385  (   0.3779)
12. eval:  drink.covar alter                            -0.3569  (   0.2954)
13. eval:  drink.covar ego                               0.3257  (   0.2705)
14. eval:  drink.covar similarity                        0.0148  (   0.5589)

@3
Covariance matrices
                   
Covariance matrix of estimates (correlations below diagonal):
     1.904     -0.373      0.033      0.145     -0.019     -0.022     -0.711     -0.122     -0.026      0.213     -0.068      0.112      0.107     -0.202
    -0.421      0.411      0.050     -0.129      0.008      0.013      0.023      0.036     -0.073      0.054      0.011     -0.068     -0.003      0.096
     0.142      0.460      0.029     -0.033      0.001      0.000     -0.035     -0.009     -0.029      0.032      0.013     -0.008      0.005      0.015
     0.306     -0.586     -0.565      0.119     -0.078     -0.001     -0.007     -0.010      0.051     -0.037     -0.026      0.036      0.014     -0.064
    -0.039      0.037      0.019     -0.652      0.122      0.000     -0.048      0.019     -0.046      0.017      0.021     -0.026     -0.013      0.028
    -0.225      0.281     -0.016     -0.055      0.012      0.005     -0.008      0.002     -0.008      0.009      0.001     -0.001      0.002      0.001
    -0.733      0.051     -0.290     -0.028     -0.196     -0.154      0.494     -0.022      0.149     -0.146     -0.047     -0.015     -0.043      0.041
    -0.403      0.254     -0.232     -0.130      0.248      0.134     -0.141      0.048     -0.010     -0.025      0.004     -0.012     -0.015      0.021
    -0.038     -0.228     -0.351      0.300     -0.268     -0.229      0.427     -0.091      0.247     -0.113     -0.125      0.041     -0.010     -0.018
     0.298      0.163      0.367     -0.206      0.094      0.257     -0.402     -0.224     -0.438      0.268      0.031      0.003      0.046      0.018
    -0.130      0.044      0.210     -0.199      0.157      0.051     -0.179      0.046     -0.666      0.157      0.143     -0.008      0.002      0.029
     0.274     -0.358     -0.164      0.353     -0.251     -0.030     -0.073     -0.181      0.281      0.017     -0.070      0.087      0.008     -0.030
     0.287     -0.016      0.106      0.149     -0.142      0.079     -0.224     -0.259     -0.075      0.326      0.017      0.096      0.073     -0.034
    -0.262      0.269      0.155     -0.332      0.142      0.030      0.104      0.171     -0.063      0.063      0.136     -0.183     -0.223      0.312

Derivative matrix of expected statistics X by parameters and
covariance/correlation matrix of X can be found using
summary(ans) within R, or by using the 'verbose' option in Siena07.
 
Total computation time 21.31 seconds.


-----------------------------------
New Analysis started.
Date and time: 03/05/2017 17:25:55
New results follow.
-----------------------------------

Siena version 1.1-232 (18 Jun 13)

@1
Estimation by stochastic approximation algorithm.
=================================================

Random initialization of random number stream.
Current random number seed is 37147.
Effects object used: myEff 
Model Type 1: Standard actor-oriented model
Estimation method: conditional moment estimation
Conditioning variable is the total number of observed changes ("distance") 
in the network variable.
Distance for simulations is   89 .
Standard errors are estimated with the likelihood ratio method.
Initial value of gain parameter is  0.4000000.
Number of subphases in Phase 2 is 4.

Initial parameter values are 
  0. Rate parameter                           7.9409
  1. eval:  outdegree (density)                            -0.7589
  2. eval:  reciprocity                                     2.1375
  3. eval:  transitive triplets                             0.7707
  4. eval:  transitive reciprocated triplets               -0.3143
  5. eval:  3-cycles                                       -0.3585
  6. eval:  indegree - popularity                          -0.0522
  7. eval:  indegree - activity (sqrt)                     -0.6534
  8. eval:  outdegree - activity (sqrt)                    -0.2208
  9. eval:  gender.coCovar alter                           -1.1371
 10. eval:  gender.coCovar ego                              0.7385
 11. eval:  same gender.coCovar                             0.6385
 12. eval:  drink.covar alter                              -0.3569
 13. eval:  drink.covar ego                                 0.3257
 14. eval:  drink.covar similarity                          0.0148


Observed values of target statistics are
  1. Number of ties                                                     103.0000
  2. Number of reciprocated ties                                         46.0000
  3. Number of transitive triplets                                      165.0000
  4. Number of transitive reciprocated triplets                          72.0000
  5. 3-cycles                                                            30.0000
  6. Sum of squared indegrees                                          14610.0000
  7. Sum of outdegrees x sqrt(indegree)                                 193.4526
  8. Sum of outdegrees^(1.5)                                            252.8142
  9. Sum of indegrees x gender.coCovar                                    1.1667
 10. Sum of outdegrees x gender.coCovar                                  11.1667
 11. Same values on gender.coCovar                                       89.0000
 12. Sum of indegrees x drink.covar                                      -1.3500
 13. Sum of outdegrees x drink.covar                                     10.1500
 14. Similarity on drink.covar                                           -2.8287

 14 parameters, 14 statistics

Estimation of derivatives by the LR method (type 1).

@2
End of stochastic approximation algorithm, phase 3.
---------------------------------------------------

Total of 1681 iterations.
Parameter estimates based on 681 iterations,
basic rate parameter as well as 
convergence diagnostics, covariance and derivative matrices based on 1000 iterations.

Information for convergence diagnosis.
Averages, standard deviations, and t-ratios for deviations from targets:
  1.   -0.9420   10.5677  -0.0891 
  2.   -0.6240    7.8567  -0.0794 
  3.   -4.6290   55.1726  -0.0839 
  4.   -2.1840   32.9148  -0.0664 
  5.   -0.9880   12.4585  -0.0793 
  6. -234.2400 3206.3500  -0.0731 
  7.   -1.1285   31.7102  -0.0356 
  8.   -2.9827   38.7257  -0.0770 
  9.    0.0580    4.0558   0.0143 
 10.   -0.1410    2.6843  -0.0525 
 11.   -0.6290    9.6508  -0.0652 
 12.    0.0379    3.8786   0.0098 
 13.    0.0479    5.1570   0.0093 
 14.   -0.1154    2.4104  -0.0479 

Good convergence is indicated by the t-ratios being close to zero.


@2
Estimation Results.
-------------------

Regular end of estimation algorithm.
Total of 1681 iteration steps.

@3
Estimates and standard errors
                             
Rate parameters:
 0. Rate parameter                            7.8712  (   1.3342)
 1. eval:  outdegree (density)                          -0.6506  (   1.2420)
 2. eval:  reciprocity                                   2.2002  (   0.6674)
 3. eval:  transitive triplets                           0.7759  (   0.1925)
 4. eval:  transitive reciprocated triplets             -0.3363  (   0.4050)
 5. eval:  3-cycles                                     -0.3169  (   0.3669)
 6. eval:  indegree - popularity                        -0.0398  (   0.0799)
 7. eval:  indegree - activity (sqrt)                   -0.7790  (   0.6202)
 8. eval:  outdegree - activity (sqrt)                  -0.2197  (   0.2836)
 9. eval:  gender.coCovar alter                         -1.2033  (   0.4619)
10. eval:  gender.coCovar ego                            0.8036  (   0.5120)
11. eval:  same gender.coCovar                           0.6597  (   0.3588)
12. eval:  drink.covar alter                            -0.3541  (   0.2675)
13. eval:  drink.covar ego                               0.3539  (   0.2813)
14. eval:  drink.covar similarity                       -0.0071  (   0.5602)

@3
Covariance matrices
                   
Covariance matrix of estimates (correlations below diagonal):
     1.542     -0.306      0.020      0.158     -0.050     -0.040     -0.379     -0.160      0.056      0.122     -0.120      0.032      0.061     -0.058
    -0.369      0.445      0.057     -0.140      0.033      0.021     -0.109      0.064     -0.096      0.042      0.033     -0.034     -0.032     -0.037
     0.084      0.447      0.037     -0.049      0.005     -0.001     -0.013     -0.020     -0.026      0.031      0.012     -0.011     -0.003      0.013
     0.315     -0.519     -0.632      0.164     -0.101     -0.005     -0.011      0.004      0.054     -0.034     -0.041      0.030      0.016     -0.030
    -0.109      0.134      0.070     -0.677      0.135      0.005     -0.051      0.022     -0.036     -0.006      0.026     -0.024     -0.014      0.010
    -0.406      0.394     -0.042     -0.157      0.160      0.006     -0.012      0.007     -0.010      0.008      0.004     -0.002     -0.003      0.000
    -0.491     -0.262     -0.109     -0.045     -0.223     -0.233      0.385     -0.063      0.095     -0.043     -0.020      0.022      0.025      0.047
    -0.453      0.337     -0.368      0.038      0.207      0.288     -0.358      0.080     -0.006     -0.051      0.004     -0.008     -0.027     -0.017
     0.097     -0.311     -0.293      0.291     -0.215     -0.280      0.333     -0.048      0.213     -0.086     -0.109      0.041      0.010     -0.020
     0.192      0.124      0.318     -0.166     -0.032      0.197     -0.136     -0.353     -0.362      0.262      0.020     -0.009      0.024      0.045
    -0.270      0.137      0.172     -0.281      0.198      0.134     -0.092      0.041     -0.660      0.109      0.129     -0.010     -0.002      0.029
     0.096     -0.188     -0.219      0.280     -0.244     -0.080      0.132     -0.111      0.332     -0.067     -0.104      0.072      0.013     -0.016
     0.174     -0.170     -0.064      0.143     -0.136     -0.126      0.146     -0.335      0.076      0.170     -0.018      0.174      0.079     -0.025
    -0.083     -0.098      0.116     -0.131      0.047      0.006      0.136     -0.110     -0.079      0.158      0.142     -0.105     -0.160      0.314

Derivative matrix of expected statistics X by parameters and
covariance/correlation matrix of X can be found using
summary(ans) within R, or by using the 'verbose' option in Siena07.
 
Total computation time 24.27 seconds.


-----------------------------------
New Analysis started.
Date and time: 03/05/2017 17:36:06
New results follow.
-----------------------------------

Siena version 1.1-232 (18 Jun 13)

@1
Estimation by stochastic approximation algorithm.
=================================================

Random initialization of random number stream.
Current random number seed is 298929.
Effects object used: myEff 
Model Type 1: Standard actor-oriented model
Estimation method: conditional moment estimation
Conditioning variable is the total number of observed changes ("distance") 
in the network variable.
Distance for simulations is   89 .
Standard errors are estimated with the likelihood ratio method.
Initial value of gain parameter is  0.4000000.
Number of subphases in Phase 2 is 4.

Initial parameter values are 
  0. Rate parameter                           7.9409
  1. eval:  outdegree (density)                            -0.7589
  2. eval:  reciprocity                                     2.1375
  3. eval:  transitive triplets                             0.7707
  4. eval:  transitive reciprocated triplets               -0.3143
  5. eval:  3-cycles                                       -0.3585
  6. eval:  indegree - popularity                          -0.0522
  7. eval:  indegree - activity (sqrt)                     -0.6534
  8. eval:  outdegree - activity (sqrt)                    -0.2208
  9. eval:  gender.coCovar alter                           -1.1371
 10. eval:  gender.coCovar ego                              0.7385
 11. eval:  same gender.coCovar                             0.6385
 12. eval:  drink.covar alter                              -0.3569
 13. eval:  drink.covar ego                                 0.3257
 14. eval:  drink.covar similarity                          0.0148


Observed values of target statistics are
  1. Number of ties                                                     103.0000
  2. Number of reciprocated ties                                         46.0000
  3. Number of transitive triplets                                      165.0000
  4. Number of transitive reciprocated triplets                          72.0000
  5. 3-cycles                                                            30.0000
  6. Sum of squared indegrees                                          14610.0000
  7. Sum of outdegrees x sqrt(indegree)                                 193.4526
  8. Sum of outdegrees^(1.5)                                            252.8142
  9. Sum of indegrees x gender.coCovar                                    1.1667
 10. Sum of outdegrees x gender.coCovar                                  11.1667
 11. Same values on gender.coCovar                                       89.0000
 12. Sum of indegrees x drink.covar                                      -1.3500
 13. Sum of outdegrees x drink.covar                                     10.1500
 14. Similarity on drink.covar                                           -2.8287

 14 parameters, 14 statistics

Estimation of derivatives by the LR method (type 1).

@2
End of stochastic approximation algorithm, phase 3.
---------------------------------------------------

Total of 1576 iterations.
Parameter estimates based on 576 iterations,
basic rate parameter as well as 
convergence diagnostics, covariance and derivative matrices based on 1000 iterations.

Information for convergence diagnosis.
Averages, standard deviations, and t-ratios for deviations from targets:
  1.  -0.2180   10.5529  -0.0207 
  2.   0.1700    8.0885   0.0210 
  3.  -1.1850   54.8717  -0.0216 
  4.  -0.1640   34.5411  -0.0047 
  5.  -0.1330   13.0646  -0.0102 
  6. -49.9200 3168.0476  -0.0158 
  7.   1.4561   32.2351   0.0452 
  8.  -0.6704   38.2718  -0.0175 
  9.   0.0697    4.2126   0.0165 
 10.  -0.0403    2.8020  -0.0144 
 11.   0.0360    9.9115   0.0036 
 12.   0.0371    3.8422   0.0097 
 13.   0.1576    5.1031   0.0309 
 14.   0.0265    2.4174   0.0110 

Good convergence is indicated by the t-ratios being close to zero.


@2
Estimation Results.
-------------------

Regular end of estimation algorithm.
Total of 1576 iteration steps.

@3
Estimates and standard errors
                             
Rate parameters:
 0. Rate parameter                            7.9183  (   1.3667)
 1. eval:  outdegree (density)                          -0.6861  (   1.1493)
 2. eval:  reciprocity                                   2.1977  (   0.6625)
 3. eval:  transitive triplets                           0.7788  (   0.1905)
 4. eval:  transitive reciprocated triplets             -0.3485  (   0.3706)
 5. eval:  3-cycles                                     -0.3119  (   0.3856)
 6. eval:  indegree - popularity                        -0.0404  (   0.0818)
 7. eval:  indegree - activity (sqrt)                   -0.7533  (   0.7825)
 8. eval:  outdegree - activity (sqrt)                  -0.2251  (   0.2792)
 9. eval:  gender.coCovar alter                         -1.2150  (   0.5036)
10. eval:  gender.coCovar ego                            0.7942  (   0.5070)
11. eval:  same gender.coCovar                           0.6711  (   0.3910)
12. eval:  drink.covar alter                            -0.3665  (   0.3002)
13. eval:  drink.covar ego                               0.3559  (   0.2534)
14. eval:  drink.covar similarity                       -0.0194  (   0.4987)

@3
Covariance matrices
                   
Covariance matrix of estimates (correlations below diagonal):
     1.321     -0.063     -0.002      0.096      0.043     -0.017     -0.565     -0.012      0.050      0.066     -0.194     -0.060      0.050      0.016
    -0.083      0.439      0.071     -0.140      0.030      0.021     -0.172      0.025     -0.127      0.113      0.008     -0.032     -0.001      0.012
    -0.011      0.565      0.036     -0.048      0.003      0.001     -0.021     -0.014     -0.042      0.042      0.019     -0.006     -0.001     -0.001
     0.225     -0.571     -0.673      0.137     -0.087     -0.006      0.024      0.006      0.074     -0.074     -0.029      0.013      0.010      0.000
     0.097      0.119      0.039     -0.610      0.149      0.007     -0.130      0.039     -0.046      0.024     -0.009     -0.031     -0.011      0.014
    -0.179      0.391      0.080     -0.202      0.219      0.007     -0.020      0.003     -0.013      0.010      0.003     -0.004      0.001      0.001
    -0.628     -0.332     -0.142      0.084     -0.432     -0.314      0.612     -0.122      0.134     -0.059      0.046      0.091     -0.005     -0.057
    -0.038      0.136     -0.270      0.054      0.364      0.115     -0.560      0.078     -0.007     -0.045     -0.017     -0.022     -0.017      0.031
     0.087     -0.380     -0.443      0.395     -0.235     -0.308      0.341     -0.053      0.254     -0.123     -0.123      0.037     -0.003      0.008
     0.114      0.336      0.435     -0.392      0.125      0.237     -0.148     -0.319     -0.483      0.257      0.044     -0.003      0.030     -0.007
    -0.432      0.031      0.252     -0.202     -0.061      0.080      0.150     -0.158     -0.627      0.220      0.153      0.013      0.005     -0.020
    -0.174     -0.162     -0.111      0.112     -0.271     -0.158      0.388     -0.266      0.246     -0.017      0.111      0.090      0.010     -0.029
     0.171     -0.003     -0.013      0.110     -0.111      0.056     -0.023     -0.240     -0.024      0.235      0.055      0.134      0.064     -0.024
     0.028      0.035     -0.005      0.000      0.074      0.032     -0.146      0.226      0.032     -0.027     -0.102     -0.194     -0.190      0.249

Derivative matrix of expected statistics X by parameters and
covariance/correlation matrix of X can be found using
summary(ans) within R, or by using the 'verbose' option in Siena07.
 
Total computation time 23.77 seconds.


-----------------------------------
New Analysis started.
Date and time: 05/05/2017 11:57:00
New results follow.
-----------------------------------

Siena version 1.1-232 (18 Jun 13)

@1
Estimation by stochastic approximation algorithm.
=================================================

Random initialization of random number stream.
Current random number seed is 243966.
Effects object used: myEff 
Model Type 1: Standard actor-oriented model
Estimation method: conditional moment estimation
Conditioning variable is the total number of observed changes ("distance") 
in the network variable.
Distance for simulations is   89 .
Standard errors are estimated with the likelihood ratio method.
Initial value of gain parameter is  0.4000000.
Number of subphases in Phase 2 is 4.

Initial parameter values are 
  0. Rate parameter                           7.9409
  1. eval:  outdegree (density)                            -0.7589
  2. eval:  reciprocity                                     2.1375
  3. eval:  transitive triplets                             0.7707
  4. eval:  transitive reciprocated triplets               -0.3143
  5. eval:  3-cycles                                       -0.3585
  6. eval:  indegree - popularity                          -0.0522
  7. eval:  indegree - activity (sqrt)                     -0.6534
  8. eval:  outdegree - activity (sqrt)                    -0.2208
  9. eval:  gender.coCovar alter                           -1.1371
 10. eval:  gender.coCovar ego                              0.7385
 11. eval:  same gender.coCovar                             0.6385
 12. eval:  drink.covar alter                              -0.3569
 13. eval:  drink.covar ego                                 0.3257
 14. eval:  drink.covar similarity                          0.0148


Observed values of target statistics are
  1. Number of ties                                                     103.0000
  2. Number of reciprocated ties                                         46.0000
  3. Number of transitive triplets                                      165.0000
  4. Number of transitive reciprocated triplets                          72.0000
  5. 3-cycles                                                            30.0000
  6. Sum of squared indegrees                                          14610.0000
  7. Sum of outdegrees x sqrt(indegree)                                 193.4526
  8. Sum of outdegrees^(1.5)                                            252.8142
  9. Sum of indegrees x gender.coCovar                                    1.1667
 10. Sum of outdegrees x gender.coCovar                                  11.1667
 11. Same values on gender.coCovar                                       89.0000
 12. Sum of indegrees x drink.covar                                      -1.3500
 13. Sum of outdegrees x drink.covar                                     10.1500
 14. Similarity on drink.covar                                           -2.8287

 14 parameters, 14 statistics

Estimation of derivatives by the LR method (type 1).

@2
End of stochastic approximation algorithm, phase 3.
---------------------------------------------------

Total of 1726 iterations.
Parameter estimates based on 726 iterations,
basic rate parameter as well as 
convergence diagnostics, covariance and derivative matrices based on 1000 iterations.

Information for convergence diagnosis.
Averages, standard deviations, and t-ratios for deviations from targets:
  1.  -0.2780   10.9865  -0.0253 
  2.  -0.0920    8.0449  -0.0114 
  3.   0.1920   57.6878   0.0033 
  4.   0.9720   35.3371   0.0275 
  5.   0.0620   13.4232   0.0046 
  6. -83.7600 3265.6935  -0.0256 
  7.   1.1806   33.5482   0.0352 
  8.   0.0383   39.9941   0.0010 
  9.  -0.0153    4.1720  -0.0037 
 10.   0.0367    2.7579   0.0133 
 11.  -0.1760    9.9587  -0.0177 
 12.   0.1701    3.8793   0.0438 
 13.   0.3371    5.2295   0.0645 
 14.   0.0702    2.3519   0.0299 

Good convergence is indicated by the t-ratios being close to zero.


@2
Estimation Results.
-------------------

Regular end of estimation algorithm.
Total of 1726 iteration steps.

@3
Estimates and standard errors
                             
Rate parameters:
 0. Rate parameter                             7.872  (   1.3366)
 1. eval:  outdegree (density)                          -0.6718  (   1.9312)
 2. eval:  reciprocity                                   2.1978  (   0.7600)
 3. eval:  transitive triplets                           0.7837  (   0.2419)
 4. eval:  transitive reciprocated triplets             -0.3421  (   0.4326)
 5. eval:  3-cycles                                     -0.3205  (   0.4496)
 6. eval:  indegree - popularity                        -0.0418  (   0.0750)
 7. eval:  indegree - activity (sqrt)                   -0.7593  (   1.4296)
 8. eval:  outdegree - activity (sqrt)                  -0.2230  (   0.2523)
 9. eval:  gender.coCovar alter                         -1.2026  (   0.4883)
10. eval:  gender.coCovar ego                            0.7925  (   0.7299)
11. eval:  same gender.coCovar                           0.6586  (   0.3791)
12. eval:  drink.covar alter                            -0.3696  (   0.2850)
13. eval:  drink.covar ego                               0.3467  (   0.2666)
14. eval:  drink.covar similarity                       -0.0105  (   0.5205)

@3
Covariance matrices
                   
Covariance matrix of estimates (correlations below diagonal):
     3.730      0.364      0.223     -0.127      0.421     -0.003     -2.437      0.081     -0.298      0.895     -0.011      0.017      0.214      0.276
     0.248      0.578      0.127     -0.233      0.154      0.017     -0.573      0.077     -0.158      0.287      0.041     -0.049      0.013      0.067
     0.477      0.691      0.058     -0.080      0.051      0.001     -0.201      0.002     -0.060      0.112      0.022     -0.008      0.007      0.029
    -0.152     -0.710     -0.765      0.187     -0.140     -0.003      0.220     -0.020      0.073     -0.129     -0.025      0.014      0.000     -0.037
     0.485      0.452      0.466     -0.720      0.202      0.005     -0.427      0.055     -0.078      0.144      0.021     -0.005      0.029      0.062
    -0.022      0.304      0.030     -0.106      0.154      0.006     -0.023      0.003     -0.007      0.014      0.000      0.000      0.004      0.004
    -0.883     -0.527     -0.581      0.355     -0.664     -0.213      2.044     -0.186      0.371     -0.743     -0.112      0.020     -0.143     -0.258
     0.167      0.403      0.039     -0.184      0.482      0.160     -0.516      0.064     -0.030      0.026      0.017     -0.010      0.000      0.029
    -0.316     -0.425     -0.510      0.344     -0.354     -0.202      0.531     -0.244      0.238     -0.208     -0.121      0.029     -0.019     -0.035
     0.635      0.518      0.633     -0.410      0.437      0.264     -0.712      0.143     -0.584      0.533      0.047     -0.008      0.064      0.085
    -0.014      0.144      0.236     -0.151      0.126      0.005     -0.206      0.181     -0.654      0.170      0.144      0.005      0.002      0.025
     0.031     -0.228     -0.118      0.113     -0.037     -0.002      0.048     -0.137      0.210     -0.037      0.050      0.081      0.009      0.006
     0.416      0.064      0.107     -0.001      0.241      0.187     -0.375      0.002     -0.147      0.330      0.021      0.117      0.071      0.001
     0.275      0.171      0.233     -0.166      0.266      0.103     -0.347      0.219     -0.137      0.224      0.129      0.043      0.007      0.271

Derivative matrix of expected statistics X by parameters and
covariance/correlation matrix of X can be found using
summary(ans) within R, or by using the 'verbose' option in Siena07.
 
Total computation time 21.4 seconds.
